Determining if the pthread_create exist failed with the following output:
Change Dir: /home/sudarsun/NVM_EMUL/CMakeFiles/CMakeTmp

Run Build Command:/usr/bin/make "cmTryCompileExec2347991275/fast"
/usr/bin/make -f CMakeFiles/cmTryCompileExec2347991275.dir/build.make CMakeFiles/cmTryCompileExec2347991275.dir/build
make[1]: Entering directory `/home/sudarsun/NVM_EMUL/CMakeFiles/CMakeTmp'
/usr/bin/cmake -E cmake_progress_report /home/sudarsun/NVM_EMUL/CMakeFiles/CMakeTmp/CMakeFiles 1
Building C object CMakeFiles/cmTryCompileExec2347991275.dir/CheckSymbolExists.c.o
/usr/bin/cc    -o CMakeFiles/cmTryCompileExec2347991275.dir/CheckSymbolExists.c.o   -c /home/sudarsun/NVM_EMUL/CMakeFiles/CMakeTmp/CheckSymbolExists.c
Linking C executable cmTryCompileExec2347991275
/usr/bin/cmake -E cmake_link_script CMakeFiles/cmTryCompileExec2347991275.dir/link.txt --verbose=1
/usr/bin/cc       CMakeFiles/cmTryCompileExec2347991275.dir/CheckSymbolExists.c.o  -o cmTryCompileExec2347991275 -rdynamic 
CMakeFiles/cmTryCompileExec2347991275.dir/CheckSymbolExists.c.o: In function `main':
CheckSymbolExists.c:(.text+0x16): undefined reference to `pthread_create'
collect2: error: ld returned 1 exit status
make[1]: *** [cmTryCompileExec2347991275] Error 1
make[1]: Leaving directory `/home/sudarsun/NVM_EMUL/CMakeFiles/CMakeTmp'
make: *** [cmTryCompileExec2347991275/fast] Error 2

File /home/sudarsun/NVM_EMUL/CMakeFiles/CMakeTmp/CheckSymbolExists.c:
/* */
#include <pthread.h>

int main(int argc, char** argv)
{
  (void)argv;
#ifndef pthread_create
  return ((int*)(&pthread_create))[argc];
#else
  (void)argc;
  return 0;
#endif
}

Determining if the function pthread_create exists in the pthreads failed with the following output:
Change Dir: /home/sudarsun/NVM_EMUL/CMakeFiles/CMakeTmp

Run Build Command:/usr/bin/make "cmTryCompileExec3946493239/fast"
/usr/bin/make -f CMakeFiles/cmTryCompileExec3946493239.dir/build.make CMakeFiles/cmTryCompileExec3946493239.dir/build
make[1]: Entering directory `/home/sudarsun/NVM_EMUL/CMakeFiles/CMakeTmp'
/usr/bin/cmake -E cmake_progress_report /home/sudarsun/NVM_EMUL/CMakeFiles/CMakeTmp/CMakeFiles 1
Building C object CMakeFiles/cmTryCompileExec3946493239.dir/CheckFunctionExists.c.o
/usr/bin/cc   -DCHECK_FUNCTION_EXISTS=pthread_create   -o CMakeFiles/cmTryCompileExec3946493239.dir/CheckFunctionExists.c.o   -c /usr/share/cmake-2.8/Modules/CheckFunctionExists.c
Linking C executable cmTryCompileExec3946493239
/usr/bin/cmake -E cmake_link_script CMakeFiles/cmTryCompileExec3946493239.dir/link.txt --verbose=1
/usr/bin/cc   -DCHECK_FUNCTION_EXISTS=pthread_create    CMakeFiles/cmTryCompileExec3946493239.dir/CheckFunctionExists.c.o  -o cmTryCompileExec3946493239 -rdynamic -lpthreads 
/usr/bin/ld: cannot find -lpthreads
collect2: error: ld returned 1 exit status
make[1]: *** [cmTryCompileExec3946493239] Error 1
make[1]: Leaving directory `/home/sudarsun/NVM_EMUL/CMakeFiles/CMakeTmp'
make: *** [cmTryCompileExec3946493239/fast] Error 2


Determining if the pthread_create exist failed with the following output:
Change Dir: /home/stewart/codes/nvmalloc/NVM_EMUL/CMakeFiles/CMakeTmp

Run Build Command:/usr/bin/make "cmTryCompileExec858318617/fast"
/usr/bin/make -f CMakeFiles/cmTryCompileExec858318617.dir/build.make CMakeFiles/cmTryCompileExec858318617.dir/build
make[1]: Entering directory `/home/stewart/codes/nvmalloc/NVM_EMUL/CMakeFiles/CMakeTmp'
/usr/bin/cmake -E cmake_progress_report /home/stewart/codes/nvmalloc/NVM_EMUL/CMakeFiles/CMakeTmp/CMakeFiles 1
Building C object CMakeFiles/cmTryCompileExec858318617.dir/CheckSymbolExists.c.o
/usr/bin/cc    -o CMakeFiles/cmTryCompileExec858318617.dir/CheckSymbolExists.c.o   -c /home/stewart/codes/nvmalloc/NVM_EMUL/CMakeFiles/CMakeTmp/CheckSymbolExists.c
Linking C executable cmTryCompileExec858318617
/usr/bin/cmake -E cmake_link_script CMakeFiles/cmTryCompileExec858318617.dir/link.txt --verbose=1
/usr/bin/cc       CMakeFiles/cmTryCompileExec858318617.dir/CheckSymbolExists.c.o  -o cmTryCompileExec858318617 -rdynamic 
CMakeFiles/cmTryCompileExec858318617.dir/CheckSymbolExists.c.o: In function `main':
CheckSymbolExists.c:(.text+0x16): undefined reference to `pthread_create'
collect2: error: ld returned 1 exit status
make[1]: *** [cmTryCompileExec858318617] Error 1
make[1]: Leaving directory `/home/stewart/codes/nvmalloc/NVM_EMUL/CMakeFiles/CMakeTmp'
make: *** [cmTryCompileExec858318617/fast] Error 2

File /home/stewart/codes/nvmalloc/NVM_EMUL/CMakeFiles/CMakeTmp/CheckSymbolExists.c:
/* */
#include <pthread.h>

int main(int argc, char** argv)
{
  (void)argv;
#ifndef pthread_create
  return ((int*)(&pthread_create))[argc];
#else
  (void)argc;
  return 0;
#endif
}

Determining if the function pthread_create exists in the pthreads failed with the following output:
Change Dir: /home/stewart/codes/nvmalloc/NVM_EMUL/CMakeFiles/CMakeTmp

Run Build Command:/usr/bin/make "cmTryCompileExec219020718/fast"
/usr/bin/make -f CMakeFiles/cmTryCompileExec219020718.dir/build.make CMakeFiles/cmTryCompileExec219020718.dir/build
make[1]: Entering directory `/home/stewart/codes/nvmalloc/NVM_EMUL/CMakeFiles/CMakeTmp'
/usr/bin/cmake -E cmake_progress_report /home/stewart/codes/nvmalloc/NVM_EMUL/CMakeFiles/CMakeTmp/CMakeFiles 1
Building C object CMakeFiles/cmTryCompileExec219020718.dir/CheckFunctionExists.c.o
/usr/bin/cc   -DCHECK_FUNCTION_EXISTS=pthread_create   -o CMakeFiles/cmTryCompileExec219020718.dir/CheckFunctionExists.c.o   -c /usr/share/cmake-2.8/Modules/CheckFunctionExists.c
Linking C executable cmTryCompileExec219020718
/usr/bin/cmake -E cmake_link_script CMakeFiles/cmTryCompileExec219020718.dir/link.txt --verbose=1
/usr/bin/cc   -DCHECK_FUNCTION_EXISTS=pthread_create    CMakeFiles/cmTryCompileExec219020718.dir/CheckFunctionExists.c.o  -o cmTryCompileExec219020718 -rdynamic -lpthreads 
/usr/bin/ld: cannot find -lpthreads
collect2: error: ld returned 1 exit status
make[1]: *** [cmTryCompileExec219020718] Error 1
make[1]: Leaving directory `/home/stewart/codes/nvmalloc/NVM_EMUL/CMakeFiles/CMakeTmp'
make: *** [cmTryCompileExec219020718/fast] Error 2


